<?xml version="1.0" encoding="UTF-8"?>
<testng-results skipped="0" failed="0" total="1" passed="1">
  <reporter-output>
  </reporter-output>
  <suite name="Default suite" duration-ms="1816" started-at="2019-12-19T09:48:56Z" finished-at="2019-12-19T09:48:58Z">
    <groups>
    </groups>
    <test name="Default test" duration-ms="1816" started-at="2019-12-19T09:48:56Z" finished-at="2019-12-19T09:48:58Z">
      <class name="SimpleGetTest">
        <test-method status="PASS" signature="GetWeatherDetails()[pri:0, instance:SimpleGetTest@7cdbc5d3]" name="GetWeatherDetails" duration-ms="1800" started-at="2019-12-19T15:48:57Z" finished-at="2019-12-19T15:48:58Z">
          <reporter-output>
          </reporter-output>
        </test-method> <!-- GetWeatherDetails -->
      </class> <!-- SimpleGetTest -->
    </test> <!-- Default test -->
  </suite> <!-- Default suite -->
</testng-results>
