<?xml version="1.0" encoding="UTF-8"?>
<!-- Generated by org.testng.reporters.JUnitXMLReporter -->
<testsuite hostname="DESKTOP-83CVAPJ" name="Default test" tests="29" failures="0" timestamp="25 Jul 2022 09:05:20 GMT" time="1270.773" errors="0">
  <testcase name="launchPIDS" time="5.49" classname="regression.PidsRegressionSuite"/>
  <testcase name="loginPIDS" time="2.357" classname="regression.PidsRegressionSuite"/>
  <testcase name="openUserManagement" time="5.207" classname="regression.PidsRegressionSuite"/>
  <testcase name="createUser" time="8.639" classname="regression.PidsRegressionSuite"/>
  <testcase name="searchUser" time="5.122" classname="regression.PidsRegressionSuite"/>
  <testcase name="updateUser" time="2.208" classname="regression.PidsRegressionSuite"/>
  <testcase name="openRoleManagement" time="1.781" classname="regression.PidsRegressionSuite"/>
  <testcase name="createRole" time="3.461" classname="regression.PidsRegressionSuite"/>
  <testcase name="clearCache" time="5.124" classname="regression.PidsRegressionSuite"/>
  <testcase name="searchRole" time="4.549" classname="regression.PidsRegressionSuite"/>
  <testcase name="updatehRole" time="1.713" classname="regression.PidsRegressionSuite"/>
  <testcase name="launchUserAssignment" time="0.847" classname="regression.PidsRegressionSuite"/>
  <testcase name="assignUser" time="4.827" classname="regression.PidsRegressionSuite"/>
  <testcase name="createPrison" time="3.558" classname="regression.PidsRegressionSuite"/>
  <testcase name="searchPrison" time="2.535" classname="regression.PidsRegressionSuite"/>
  <testcase name="updatePrison" time="4.13" classname="regression.PidsRegressionSuite"/>
  <testcase name="createLookup" time="4.884" classname="regression.PidsRegressionSuite"/>
  <testcase name="searchLookup" time="3.614" classname="regression.PidsRegressionSuite"/>
  <testcase name="updateLookup" time="2.43" classname="regression.PidsRegressionSuite"/>
  <testcase name="openSearch" time="1.119" classname="regression.PidsRegressionSuite"/>
  <testcase name="seachByPrisonerID" time="3.17" classname="regression.PidsRegressionSuite"/>
  <testcase name="seachByPrisonerName" time="3.81" classname="regression.PidsRegressionSuite"/>
  <testcase name="seachByNID" time="9.569" classname="regression.PidsRegressionSuite"/>
  <testcase name="seachByCaseNo" time="3.214" classname="regression.PidsRegressionSuite"/>
  <testcase name="advancedSearch" time="12.642" classname="regression.PidsRegressionSuite"/>
  <testcase name="openAFIS" time="0.727" classname="regression.PidsRegressionSuite"/>
  <testcase name="matchVerifiedAFIS" time="0.0" classname="regression.PidsRegressionSuite">
    <skipped/>
  </testcase> <!-- matchVerifiedAFIS -->
  <testcase name="matchClearAFIS" time="827.773" classname="regression.PidsRegressionSuite"/>
  <testcase name="viewFingerPrints" time="280.179" classname="regression.PidsRegressionSuite"/>
</testsuite> <!-- Default test -->
