<?xml version="1.0" encoding="UTF-8"?>
<!-- Generated by org.testng.reporters.JUnitXMLReporter -->
<testsuite hostname="DESKTOP-83CVAPJ" name="PIDSRegression" tests="29" failures="5" timestamp="26 Jul 2022 10:19:39 GMT" time="104.136" errors="0">
  <testcase name="launchPIDS" time="0.822" classname="regression.PidsRegressionSuite"/>
  <testcase name="loginPIDS" time="2.081" classname="regression.PidsRegressionSuite"/>
  <testcase name="openUserManagement" time="1.969" classname="regression.PidsRegressionSuite"/>
  <testcase name="createUser" time="7.419" classname="regression.PidsRegressionSuite"/>
  <testcase name="searchUser" time="4.461" classname="regression.PidsRegressionSuite"/>
  <testcase name="updateUser" time="1.343" classname="regression.PidsRegressionSuite"/>
  <testcase name="openRoleManagement" time="0.836" classname="regression.PidsRegressionSuite"/>
  <testcase name="createRole" time="1.767" classname="regression.PidsRegressionSuite"/>
  <testcase name="clearCache" time="3.221" classname="regression.PidsRegressionSuite"/>
  <testcase name="searchRole" time="3.984" classname="regression.PidsRegressionSuite"/>
  <testcase name="updatehRole" time="0.923" classname="regression.PidsRegressionSuite"/>
  <testcase name="launchUserAssignment" time="0.766" classname="regression.PidsRegressionSuite"/>
  <testcase name="assignUser" time="4.256" classname="regression.PidsRegressionSuite"/>
  <testcase name="createPrison" time="3.183" classname="regression.PidsRegressionSuite"/>
  <testcase name="searchPrison" time="2.686" classname="regression.PidsRegressionSuite"/>
  <testcase name="updatePrison" time="2.589" classname="regression.PidsRegressionSuite"/>
  <testcase name="createLookup" time="4.364" classname="regression.PidsRegressionSuite"/>
  <testcase name="searchLookup" time="2.854" classname="regression.PidsRegressionSuite"/>
  <testcase name="updateLookup" time="1.857" classname="regression.PidsRegressionSuite"/>
  <testcase name="openSearch" time="1.083" classname="regression.PidsRegressionSuite"/>
  <testcase name="seachByPrisonerID" time="2.914" classname="regression.PidsRegressionSuite"/>
  <testcase name="seachByPrisonerName" time="3.164" classname="regression.PidsRegressionSuite"/>
  <testcase name="seachByNID" time="2.5" classname="regression.PidsRegressionSuite">
    <failure type="java.lang.AssertionError" message="Prisoner Not Found expected [true] but found [false]">
      <![CDATA[java.lang.AssertionError: Prisoner Not Found expected [true] but found [false]
	at pages.Search.quickSearchByNID(Search.java:135)
	at regression.PidsRegressionSuite.seachByNID(PidsRegressionSuite.java:234)
... Removed 27 stack frames]]>
    </failure>
  </testcase> <!-- seachByNID -->
  <testcase name="seachByCaseNo" time="2.776" classname="regression.PidsRegressionSuite"/>
  <testcase name="advancedSearch" time="13.19" classname="regression.PidsRegressionSuite">
    <failure type="java.lang.AssertionError" message="Prisoner Not Found expected [true] but found [false]">
      <![CDATA[java.lang.AssertionError: Prisoner Not Found expected [true] but found [false]
	at pages.Search.advanceSearch(Search.java:283)
	at regression.PidsRegressionSuite.advancedSearch(PidsRegressionSuite.java:252)
... Removed 27 stack frames]]>
    </failure>
  </testcase> <!-- advancedSearch -->
  <testcase name="openAFIS" time="0.705" classname="regression.PidsRegressionSuite"/>
  <testcase name="matchVerifiedAFIS" time="3.537" classname="regression.PidsRegressionSuite">
    <failure type="java.lang.AssertionError" message="Pending Profile Not Found expected [true] but found [false]">
      <![CDATA[java.lang.AssertionError: Pending Profile Not Found expected [true] but found [false]
	at pages.AFISAdjudication.matchVerifiedAFIS(AFISAdjudication.java:75)
	at regression.PidsRegressionSuite.matchVerifiedAFIS(PidsRegressionSuite.java:268)
... Removed 27 stack frames]]>
    </failure>
  </testcase> <!-- matchVerifiedAFIS -->
  <testcase name="matchClearAFIS" time="3.572" classname="regression.PidsRegressionSuite">
    <failure type="java.lang.AssertionError" message="Pending Profile Not Found expected [true] but found [false]">
      <![CDATA[java.lang.AssertionError: Pending Profile Not Found expected [true] but found [false]
	at pages.AFISAdjudication.matchClearAFIS(AFISAdjudication.java:177)
	at regression.PidsRegressionSuite.matchClearAFIS(PidsRegressionSuite.java:277)
... Removed 27 stack frames]]>
    </failure>
  </testcase> <!-- matchClearAFIS -->
  <testcase name="viewFingerPrints" time="4.228" classname="regression.PidsRegressionSuite">
    <failure type="java.lang.AssertionError" message="Pending Profile Not Found expected [true] but found [false]">
      <![CDATA[java.lang.AssertionError: Pending Profile Not Found expected [true] but found [false]
	at pages.AFISAdjudication.viewFingerPrint(AFISAdjudication.java:287)
	at regression.PidsRegressionSuite.viewFingerPrints(PidsRegressionSuite.java:286)
... Removed 27 stack frames]]>
    </failure>
  </testcase> <!-- viewFingerPrints -->
</testsuite> <!-- PIDSRegression -->
